<?xml version="1.0" encoding="utf-8"?><testsuites name="pytest tests"><testsuite name="pytest" errors="0" failures="4" skipped="0" tests="34" time="3.447" timestamp="2026-04-19T07:35:48.577754+00:00" hostname="agent-env-0fbef721-0eb3-4c37-baed-e64f292d4930"><testcase classname="tests.test_auth.TestAuth" name="test_health_check" time="0.135" /><testcase classname="tests.test_auth.TestAuth" name="test_login_success" time="0.274"><failure message="assert False == True">tests/test_auth.py:30: in test_login_success
    assert data["user"]["force_password_change"] == True
E   assert False == True</failure></testcase><testcase classname="tests.test_auth.TestAuth" name="test_login_invalid_credentials" time="0.046" /><testcase classname="tests.test_auth.TestAuth" name="test_get_me" time="0.333" /><testcase classname="tests.test_auth.TestAuth" name="test_get_me_no_token" time="0.041" /><testcase classname="tests.test_auth.TestAuth" name="test_change_password" time="0.311"><failure message="assert 400 == 200&#10; +  where 400 = &lt;Response [400]&gt;.status_code">tests/test_auth.py:77: in test_change_password
    assert change_response.status_code == 200
E   assert 400 == 200
E    +  where 400 = &lt;Response [400]&gt;.status_code</failure></testcase><testcase classname="tests.test_auth.TestAuth" name="test_refresh_token" time="0.312" /><testcase classname="tests.test_budget.TestBudget" name="test_create_budget_item" time="0.044" /><testcase classname="tests.test_budget.TestBudget" name="test_get_budget_admin" time="0.087" /><testcase classname="tests.test_budget.TestBudget" name="test_update_budget_item" time="0.086" /><testcase classname="tests.test_budget.TestBudget" name="test_delete_budget_item_admin" time="0.087" /><testcase classname="tests.test_budget.TestBudget" name="test_viewer_cannot_access_budget" time="0.046"><failure message="assert 400 == 200&#10; +  where 400 = &lt;Response [400]&gt;.status_code">tests/test_budget.py:102: in test_viewer_cannot_access_budget
    assert create_user_response.status_code == 200
E   assert 400 == 200
E    +  where 400 = &lt;Response [400]&gt;.status_code</failure></testcase><testcase classname="tests.test_dashboard.TestDashboard" name="test_get_dashboard" time="0.053" /><testcase classname="tests.test_events.TestEvents" name="test_create_event" time="0.043" /><testcase classname="tests.test_events.TestEvents" name="test_get_events" time="0.093" /><testcase classname="tests.test_events.TestEvents" name="test_update_event" time="0.087" /><testcase classname="tests.test_events.TestEvents" name="test_delete_event_admin" time="0.091" /><testcase classname="tests.test_guests.TestGuests" name="test_create_guest" time="0.043" /><testcase classname="tests.test_guests.TestGuests" name="test_create_guest_with_new_fields" time="0.086" /><testcase classname="tests.test_guests.TestGuests" name="test_get_guests" time="0.086" /><testcase classname="tests.test_guests.TestGuests" name="test_get_guests_filtered" time="0.042" /><testcase classname="tests.test_guests.TestGuests" name="test_update_guest" time="0.087" /><testcase classname="tests.test_guests.TestGuests" name="test_update_guest_with_new_fields" time="0.148" /><testcase classname="tests.test_guests.TestGuests" name="test_delete_guest_admin" time="0.085" /><testcase classname="tests.test_tasks.TestTasks" name="test_create_task" time="0.045" /><testcase classname="tests.test_tasks.TestTasks" name="test_get_tasks" time="0.091" /><testcase classname="tests.test_tasks.TestTasks" name="test_get_my_tasks" time="0.042" /><testcase classname="tests.test_tasks.TestTasks" name="test_get_all_tasks_admin" time="0.043" /><testcase classname="tests.test_tasks.TestTasks" name="test_update_task" time="0.084" /><testcase classname="tests.test_tasks.TestTasks" name="test_delete_task_admin" time="0.127" /><testcase classname="tests.test_users.TestUsers" name="test_create_user" time="0.043"><failure message="assert 400 == 200&#10; +  where 400 = &lt;Response [400]&gt;.status_code">tests/test_users.py:20: in test_create_user
    assert response.status_code == 200
E   assert 400 == 200
E    +  where 400 = &lt;Response [400]&gt;.status_code</failure></testcase><testcase classname="tests.test_users.TestUsers" name="test_list_users" time="0.045" /><testcase classname="tests.test_users.TestUsers" name="test_create_user_duplicate" time="0.043" /><testcase classname="tests.test_users.TestUsers" name="test_create_user_no_auth" time="0.043" /></testsuite></testsuites>