<?xml version="1.0" encoding="utf-8"?><testsuites name="pytest tests"><testsuite name="pytest" errors="0" failures="0" skipped="0" tests="32" time="5.924" timestamp="2026-04-02T18:17:49.188335+00:00" hostname="agent-env-0fbef721-0eb3-4c37-baed-e64f292d4930"><testcase classname="tests.test_auth.TestAuth" name="test_health_check" time="0.243" /><testcase classname="tests.test_auth.TestAuth" name="test_login_success" time="0.289" /><testcase classname="tests.test_auth.TestAuth" name="test_login_invalid_credentials" time="0.055" /><testcase classname="tests.test_auth.TestAuth" name="test_get_me" time="0.357" /><testcase classname="tests.test_auth.TestAuth" name="test_get_me_no_token" time="0.073" /><testcase classname="tests.test_auth.TestAuth" name="test_change_password" time="1.631" /><testcase classname="tests.test_auth.TestAuth" name="test_refresh_token" time="0.337" /><testcase classname="tests.test_budget.TestBudget" name="test_create_budget_item" time="0.069" /><testcase classname="tests.test_budget.TestBudget" name="test_get_budget_admin" time="0.110" /><testcase classname="tests.test_budget.TestBudget" name="test_update_budget_item" time="0.102" /><testcase classname="tests.test_budget.TestBudget" name="test_delete_budget_item_admin" time="0.098" /><testcase classname="tests.test_budget.TestBudget" name="test_viewer_cannot_access_budget" time="0.612" /><testcase classname="tests.test_dashboard.TestDashboard" name="test_get_dashboard" time="0.055" /><testcase classname="tests.test_events.TestEvents" name="test_create_event" time="0.057" /><testcase classname="tests.test_events.TestEvents" name="test_get_events" time="0.114" /><testcase classname="tests.test_events.TestEvents" name="test_update_event" time="0.115" /><testcase classname="tests.test_events.TestEvents" name="test_delete_event_admin" time="0.117" /><testcase classname="tests.test_guests.TestGuests" name="test_create_guest" time="0.062" /><testcase classname="tests.test_guests.TestGuests" name="test_get_guests" time="0.103" /><testcase classname="tests.test_guests.TestGuests" name="test_get_guests_filtered" time="0.048" /><testcase classname="tests.test_guests.TestGuests" name="test_update_guest" time="0.103" /><testcase classname="tests.test_guests.TestGuests" name="test_delete_guest_admin" time="0.114" /><testcase classname="tests.test_tasks.TestTasks" name="test_create_task" time="0.052" /><testcase classname="tests.test_tasks.TestTasks" name="test_get_tasks" time="0.129" /><testcase classname="tests.test_tasks.TestTasks" name="test_get_my_tasks" time="0.068" /><testcase classname="tests.test_tasks.TestTasks" name="test_get_all_tasks_admin" time="0.050" /><testcase classname="tests.test_tasks.TestTasks" name="test_update_task" time="0.108" /><testcase classname="tests.test_tasks.TestTasks" name="test_delete_task_admin" time="0.156" /><testcase classname="tests.test_users.TestUsers" name="test_create_user" time="0.277" /><testcase classname="tests.test_users.TestUsers" name="test_list_users" time="0.058" /><testcase classname="tests.test_users.TestUsers" name="test_create_user_duplicate" time="0.050" /><testcase classname="tests.test_users.TestUsers" name="test_create_user_no_auth" time="0.046" /></testsuite></testsuites>