<?xml version="1.0" encoding="utf-8"?><testsuites name="pytest tests"><testsuite name="pytest" errors="0" failures="0" skipped="0" tests="7" time="1.068" timestamp="2026-04-19T07:35:43.823828+00:00" hostname="agent-env-0fbef721-0eb3-4c37-baed-e64f292d4930"><testcase classname="tests.test_guests.TestGuests" name="test_create_guest" time="0.486" /><testcase classname="tests.test_guests.TestGuests" name="test_create_guest_with_new_fields" time="0.097" /><testcase classname="tests.test_guests.TestGuests" name="test_get_guests" time="0.097" /><testcase classname="tests.test_guests.TestGuests" name="test_get_guests_filtered" time="0.049" /><testcase classname="tests.test_guests.TestGuests" name="test_update_guest" time="0.099" /><testcase classname="tests.test_guests.TestGuests" name="test_update_guest_with_new_fields" time="0.138" /><testcase classname="tests.test_guests.TestGuests" name="test_delete_guest_admin" time="0.087" /></testsuite></testsuites>